<?xml version="1.0" encoding="UTF-8"?>
<!-- Generated by org.testng.reporters.JUnitReportReporter -->
<testsuite hostname="DESKTOP-9NI7457" failures="1" tests="2" name="runners.TestRunner" time="437.792" errors="0" timestamp="2026-05-28T16:23:44 IST" skipped="0">
  <testcase classname="runners.TestRunner" name="runScenario" time="397.795"/>
  <testcase classname="runners.TestRunner" name="runScenario" time="39.997">
    <failure message="Error message not displayed expected [true] but found [false]" type="java.lang.AssertionError">
      <![CDATA[java.lang.AssertionError: Error message not displayed expected [true] but found [false]
at org.testng.Assert.fail(Assert.java:111)
at org.testng.Assert.failNotEquals(Assert.java:1578)
at org.testng.Assert.assertTrue(Assert.java:57)
at stepdefinitions.Authentication.invalid_credential_warning_should_appear(Authentication.java:65)
at ✽.invalid credential warning should appear(file:///C:/Users/DELL/eclipse-workspace/CucumberClassPractice/src/test/resources/features/authentication.feature:24)
]]>
    </failure>
  </testcase> <!-- runScenario -->
</testsuite> <!-- runners.TestRunner -->
