<?xml version="1.0" encoding="UTF-8"?>
<testng-results ignored="0" total="1" passed="1" failed="0" skipped="0">
  <reporter-output>
  </reporter-output>
  <suite started-at="2026-06-05T14:54:31 IST" name="OrangeHRM Suite" finished-at="2026-06-05T14:54:51 IST" duration-ms="20577">
    <groups>
    </groups>
    <test started-at="2026-06-05T14:54:31 IST" name="Login Tests" finished-at="2026-06-05T14:54:51 IST" duration-ms="20577">
      <class name="com.log.test.login.LoginTest">
        <test-method is-config="true" signature="setUp()[pri:0, instance:com.log.test.login.LoginTest@2cb3d0f7]" started-at="2026-06-05T14:54:31 IST" name="setUp" finished-at="2026-06-05T14:54:45 IST" duration-ms="13900" status="PASS">
          <reporter-output>
          </reporter-output>
        </test-method> <!-- setUp -->
        <test-method signature="testValidLogin()[pri:0, instance:com.log.test.login.LoginTest@2cb3d0f7]" started-at="2026-06-05T14:54:45 IST" name="testValidLogin" finished-at="2026-06-05T14:54:50 IST" duration-ms="5780" status="PASS">
          <reporter-output>
          </reporter-output>
        </test-method> <!-- testValidLogin -->
        <test-method is-config="true" signature="tearDown()[pri:0, instance:com.log.test.login.LoginTest@2cb3d0f7]" started-at="2026-06-05T14:54:50 IST" name="tearDown" finished-at="2026-06-05T14:54:51 IST" duration-ms="686" status="PASS">
          <reporter-output>
          </reporter-output>
        </test-method> <!-- tearDown -->
      </class> <!-- com.log.test.login.LoginTest -->
    </test> <!-- Login Tests -->
  </suite> <!-- OrangeHRM Suite -->
</testng-results>
